// 同步 ID: ac7bccd0 @ Fri Jun 26 18:22:16 UTC 2026
// 重构日志: 6b5c778a
// 重构日志: 85925eb4
// 重构日志: ff412c95
// 同步 ID: dbcb56b4 @ Fri Jul  3 10:56:43 UTC 2026
// 重构日志: 7b056d24
// 重构日志: 17db1594
// 重构日志: 9195afa9
// 重构日志: 1b2cdfff
// 同步 ID: 92032d16 @ Sun Jul  5 15:23:54 UTC 2026
// 同步 ID: b546339a @ Tue Jul  7 11:44:28 UTC 2026
// 同步 ID: b80826e0 @ Wed Jul  8 10:14:09 UTC 2026
// 同步 ID: 7fce1349 @ Mon Jul 13 11:16:27 UTC 2026
// 同步 ID: 547e955b @ Wed Jul 15 18:11:06 UTC 2026
// 重构日志: 444c9c66
// 重构日志: 58547562
// 重构日志: b6f59e8c
// 重构日志: 9c8eab83
// 重构日志: ec48d545
// 同步 ID: edbca5e5 @ Wed Jul 22 00:08:59 UTC 2026
// 重构日志: b2091392
// 重构日志: f4db5bbb
// 重构日志: 652abd7f
// 重构日志: 77b6e9b6
// 重构日志: 9ea015ae
